<?xml version="1.0" encoding="UTF-8"?>
<coverage generated="1771196452">
  <project timestamp="1771196452" name="Clover Coverage">
    <package name="App\Commands">
      <file name="/Users/jordanpartridge/packages/music/app/Commands/AgentCommand.php">
        <class name="App\Commands\AgentCommand" namespace="App\Commands">
          <metrics complexity="8" methods="2" coveredmethods="0" conditionals="0" coveredconditionals="0" statements="19" coveredstatements="0" elements="21" coveredelements="0"/>
        </class>
        <line num="13" type="method" name="handle" visibility="public" complexity="7" crap="56" count="0"/>
        <line num="15" type="stmt" count="0"/>
        <line num="16" type="stmt" count="0"/>
        <line num="18" type="stmt" count="0"/>
        <line num="19" type="stmt" count="0"/>
        <line num="20" type="stmt" count="0"/>
        <line num="21" type="stmt" count="0"/>
        <line num="22" type="stmt" count="0"/>
        <line num="23" type="stmt" count="0"/>
        <line num="24" type="stmt" count="0"/>
        <line num="25" type="stmt" count="0"/>
        <line num="28" type="method" name="invalidAgent" visibility="private" complexity="1" crap="2" count="0"/>
        <line num="30" type="stmt" count="0"/>
        <line num="31" type="stmt" count="0"/>
        <line num="32" type="stmt" count="0"/>
        <line num="33" type="stmt" count="0"/>
        <line num="34" type="stmt" count="0"/>
        <line num="35" type="stmt" count="0"/>
        <line num="36" type="stmt" count="0"/>
        <line num="37" type="stmt" count="0"/>
        <line num="39" type="stmt" count="0"/>
        <metrics loc="42" ncloc="42" classes="1" methods="2" coveredmethods="0" conditionals="0" coveredconditionals="0" statements="19" coveredstatements="0" elements="21" coveredelements="0"/>
      </file>
      <file name="/Users/jordanpartridge/packages/music/app/Commands/AiCommand.php">
        <class name="App\Commands\AiCommand" namespace="App\Commands">
          <metrics complexity="8" methods="2" coveredmethods="0" conditionals="0" coveredconditionals="0" statements="26" coveredstatements="0" elements="28" coveredelements="0"/>
        </class>
        <line num="13" type="method" name="handle" visibility="public" complexity="7" crap="56" count="0"/>
        <line num="15" type="stmt" count="0"/>
        <line num="17" type="stmt" count="0"/>
        <line num="18" type="stmt" count="0"/>
        <line num="19" type="stmt" count="0"/>
        <line num="20" type="stmt" count="0"/>
        <line num="21" type="stmt" count="0"/>
        <line num="22" type="stmt" count="0"/>
        <line num="23" type="stmt" count="0"/>
        <line num="24" type="stmt" count="0"/>
        <line num="27" type="method" name="showHelp" visibility="private" complexity="1" crap="2" count="0"/>
        <line num="29" type="stmt" count="0"/>
        <line num="30" type="stmt" count="0"/>
        <line num="32" type="stmt" count="0"/>
        <line num="33" type="stmt" count="0"/>
        <line num="34" type="stmt" count="0"/>
        <line num="36" type="stmt" count="0"/>
        <line num="37" type="stmt" count="0"/>
        <line num="38" type="stmt" count="0"/>
        <line num="39" type="stmt" count="0"/>
        <line num="40" type="stmt" count="0"/>
        <line num="41" type="stmt" count="0"/>
        <line num="42" type="stmt" count="0"/>
        <line num="44" type="stmt" count="0"/>
        <line num="45" type="stmt" count="0"/>
        <line num="46" type="stmt" count="0"/>
        <line num="47" type="stmt" count="0"/>
        <line num="49" type="stmt" count="0"/>
        <metrics loc="52" ncloc="52" classes="1" methods="2" coveredmethods="0" conditionals="0" coveredconditionals="0" statements="26" coveredstatements="0" elements="28" coveredelements="0"/>
      </file>
      <file name="/Users/jordanpartridge/packages/music/app/Commands/AnalyzeAgent.php">
        <class name="App\Commands\AnalyzeAgent" namespace="App\Commands">
          <metrics complexity="3" methods="2" coveredmethods="0" conditionals="0" coveredconditionals="0" statements="22" coveredstatements="0" elements="24" coveredelements="0"/>
        </class>
        <line num="14" type="method" name="handle" visibility="public" complexity="2" crap="6" count="0"/>
        <line num="16" type="stmt" count="0"/>
        <line num="18" type="stmt" count="0"/>
        <line num="20" type="stmt" count="0"/>
        <line num="21" type="stmt" count="0"/>
        <line num="23" type="stmt" count="0"/>
        <line num="24" type="stmt" count="0"/>
        <line num="25" type="stmt" count="0"/>
        <line num="26" type="stmt" count="0"/>
        <line num="27" type="stmt" count="0"/>
        <line num="28" type="stmt" count="0"/>
        <line num="30" type="stmt" count="0"/>
        <line num="31" type="stmt" count="0"/>
        <line num="33" type="stmt" count="0"/>
        <line num="34" type="stmt" count="0"/>
        <line num="36" type="stmt" count="0"/>
        <line num="39" type="stmt" count="0"/>
        <line num="41" type="stmt" count="0"/>
        <line num="44" type="method" name="banner" visibility="private" complexity="1" crap="2" count="0"/>
        <line num="46" type="stmt" count="0"/>
        <line num="47" type="stmt" count="0"/>
        <line num="48" type="stmt" count="0"/>
        <line num="49" type="stmt" count="0"/>
        <line num="50" type="stmt" count="0"/>
        <metrics loc="53" ncloc="53" classes="1" methods="2" coveredmethods="0" conditionals="0" coveredconditionals="0" statements="22" coveredstatements="0" elements="24" coveredelements="0"/>
      </file>
      <file name="/Users/jordanpartridge/packages/music/app/Commands/ChillCommand.php">
        <class name="App\Commands\ChillCommand" namespace="App\Commands">
          <metrics complexity="15" methods="3" coveredmethods="1" conditionals="0" coveredconditionals="0" statements="47" coveredstatements="43" elements="50" coveredelements="44"/>
        </class>
        <line num="17" type="method" name="handle" visibility="public" complexity="7" crap="7.06" count="4"/>
        <line num="19" type="stmt" count="4"/>
        <line num="20" type="stmt" count="1"/>
        <line num="23" type="stmt" count="3"/>
        <line num="26" type="stmt" count="3"/>
        <line num="27" type="stmt" count="3"/>
        <line num="28" type="stmt" count="3"/>
        <line num="29" type="stmt" count="3"/>
        <line num="30" type="stmt" count="3"/>
        <line num="32" type="stmt" count="3"/>
        <line num="34" type="stmt" count="3"/>
        <line num="35" type="stmt" count="1"/>
        <line num="37" type="stmt" count="1"/>
        <line num="40" type="stmt" count="2"/>
        <line num="42" type="stmt" count="2"/>
        <line num="43" type="stmt" count="1"/>
        <line num="44" type="stmt" count="1"/>
        <line num="45" type="stmt" count="1"/>
        <line num="46" type="stmt" count="1"/>
        <line num="48" type="stmt" count="1"/>
        <line num="51" type="stmt" count="1"/>
        <line num="52" type="stmt" count="1"/>
        <line num="53" type="stmt" count="1"/>
        <line num="54" type="stmt" count="1"/>
        <line num="55" type="stmt" count="1"/>
        <line num="58" type="stmt" count="1"/>
        <line num="60" type="stmt" count="0"/>
        <line num="61" type="stmt" count="0"/>
        <line num="63" type="stmt" count="0"/>
        <line num="67" type="method" name="gatherTracks" visibility="private" complexity="5" crap="5.01" count="3"/>
        <line num="69" type="stmt" count="3"/>
        <line num="70" type="stmt" count="3"/>
        <line num="72" type="stmt" count="3"/>
        <line num="73" type="stmt" count="3"/>
        <line num="74" type="stmt" count="0"/>
        <line num="77" type="stmt" count="3"/>
        <line num="78" type="stmt" count="3"/>
        <line num="80" type="stmt" count="3"/>
        <line num="81" type="stmt" count="2"/>
        <line num="82" type="stmt" count="2"/>
        <line num="83" type="stmt" count="2"/>
        <line num="88" type="stmt" count="3"/>
        <line num="91" type="method" name="queueTracks" visibility="private" complexity="3" crap="3" count="2"/>
        <line num="93" type="stmt" count="2"/>
        <line num="95" type="stmt" count="2"/>
        <line num="96" type="stmt" count="2"/>
        <line num="97" type="stmt" count="2"/>
        <line num="99" type="stmt" count="1"/>
        <line num="101" type="stmt" count="2"/>
        <line num="104" type="stmt" count="2"/>
        <metrics loc="107" ncloc="107" classes="1" methods="3" coveredmethods="1" conditionals="0" coveredconditionals="0" statements="47" coveredstatements="43" elements="50" coveredelements="44"/>
      </file>
      <file name="/Users/jordanpartridge/packages/music/app/Commands/CodeReviewAgent.php">
        <class name="App\Commands\CodeReviewAgent" namespace="App\Commands">
          <metrics complexity="4" methods="1" coveredmethods="0" conditionals="0" coveredconditionals="0" statements="19" coveredstatements="0" elements="20" coveredelements="0"/>
        </class>
        <line num="13" type="method" name="handle" visibility="public" complexity="4" crap="20" count="0"/>
        <line num="15" type="stmt" count="0"/>
        <line num="17" type="stmt" count="0"/>
        <line num="18" type="stmt" count="0"/>
        <line num="21" type="stmt" count="0"/>
        <line num="23" type="stmt" count="0"/>
        <line num="24" type="stmt" count="0"/>
        <line num="26" type="stmt" count="0"/>
        <line num="29" type="stmt" count="0"/>
        <line num="30" type="stmt" count="0"/>
        <line num="32" type="stmt" count="0"/>
        <line num="34" type="stmt" count="0"/>
        <line num="35" type="stmt" count="0"/>
        <line num="38" type="stmt" count="0"/>
        <line num="40" type="stmt" count="0"/>
        <line num="41" type="stmt" count="0"/>
        <line num="43" type="stmt" count="0"/>
        <line num="44" type="stmt" count="0"/>
        <line num="45" type="stmt" count="0"/>
        <line num="47" type="stmt" count="0"/>
        <metrics loc="51" ncloc="51" classes="1" methods="1" coveredmethods="0" conditionals="0" coveredconditionals="0" statements="19" coveredstatements="0" elements="20" coveredelements="0"/>
      </file>
      <file name="/Users/jordanpartridge/packages/music/app/Commands/CurrentCommand.php">
        <class name="App\Commands\CurrentCommand" namespace="App\Commands">
          <metrics complexity="7" methods="1" coveredmethods="1" conditionals="0" coveredconditionals="0" statements="32" coveredstatements="32" elements="33" coveredelements="33"/>
        </class>
        <line num="17" type="method" name="handle" visibility="public" complexity="7" crap="7" count="11"/>
        <line num="19" type="stmt" count="11"/>
        <line num="20" type="stmt" count="1"/>
        <line num="23" type="stmt" count="10"/>
        <line num="25" type="stmt" count="10"/>
        <line num="28" type="stmt" count="10"/>
        <line num="29" type="stmt" count="2"/>
        <line num="30" type="stmt" count="2"/>
        <line num="32" type="stmt" count="2"/>
        <line num="35" type="stmt" count="8"/>
        <line num="36" type="stmt" count="1"/>
        <line num="38" type="stmt" count="1"/>
        <line num="41" type="stmt" count="7"/>
        <line num="42" type="stmt" count="7"/>
        <line num="44" type="stmt" count="7"/>
        <line num="45" type="stmt" count="7"/>
        <line num="46" type="stmt" count="7"/>
        <line num="49" type="stmt" count="7"/>
        <line num="50" type="stmt" count="7"/>
        <line num="51" type="stmt" count="7"/>
        <line num="52" type="stmt" count="7"/>
        <line num="54" type="stmt" count="7"/>
        <line num="55" type="stmt" count="7"/>
        <line num="57" type="stmt" count="7"/>
        <line num="60" type="stmt" count="7"/>
        <line num="61" type="stmt" count="6"/>
        <line num="62" type="stmt" count="1"/>
        <line num="63" type="stmt" count="7"/>
        <line num="64" type="stmt" count="7"/>
        <line num="65" type="stmt" count="7"/>
        <line num="67" type="stmt" count="7"/>
        <line num="68" type="stmt" count="7"/>
        <line num="70" type="stmt" count="7"/>
        <metrics loc="73" ncloc="70" classes="1" methods="1" coveredmethods="1" conditionals="0" coveredconditionals="0" statements="32" coveredstatements="32" elements="33" coveredelements="33"/>
      </file>
      <file name="/Users/jordanpartridge/packages/music/app/Commands/DaemonCommand.php">
        <class name="App\Commands\DaemonCommand" namespace="App\Commands">
          <metrics complexity="58" methods="14" coveredmethods="4" conditionals="0" coveredconditionals="0" statements="176" coveredstatements="34" elements="190" coveredelements="38"/>
        </class>
        <line num="28" type="method" name="__construct" visibility="public" complexity="1" crap="1" count="195"/>
        <line num="30" type="stmt" count="195"/>
        <line num="32" type="stmt" count="195"/>
        <line num="33" type="stmt" count="195"/>
        <line num="34" type="stmt" count="195"/>
        <line num="37" type="method" name="handle" visibility="public" complexity="5" crap="5" count="22"/>
        <line num="39" type="stmt" count="22"/>
        <line num="41" type="stmt" count="22"/>
        <line num="42" type="stmt" count="4"/>
        <line num="43" type="stmt" count="6"/>
        <line num="44" type="stmt" count="8"/>
        <line num="45" type="stmt" count="22"/>
        <line num="46" type="stmt" count="22"/>
        <line num="49" type="method" name="start" visibility="private" complexity="8" crap="48.77" count="4"/>
        <line num="52" type="stmt" count="4"/>
        <line num="53" type="stmt" count="0"/>
        <line num="54" type="stmt" count="0"/>
        <line num="56" type="stmt" count="0"/>
        <line num="60" type="stmt" count="4"/>
        <line num="61" type="stmt" count="4"/>
        <line num="62" type="stmt" count="0"/>
        <line num="63" type="stmt" count="0"/>
        <line num="64" type="stmt" count="0"/>
        <line num="65" type="stmt" count="0"/>
        <line num="66" type="stmt" count="0"/>
        <line num="67" type="stmt" count="0"/>
        <line num="68" type="stmt" count="0"/>
        <line num="70" type="stmt" count="0"/>
        <line num="74" type="stmt" count="4"/>
        <line num="75" type="stmt" count="0"/>
        <line num="76" type="stmt" count="0"/>
        <line num="77" type="stmt" count="0"/>
        <line num="78" type="stmt" count="0"/>
        <line num="80" type="stmt" count="0"/>
        <line num="84" type="stmt" count="4"/>
        <line num="85" type="stmt" count="4"/>
        <line num="88" type="stmt" count="0"/>
        <line num="91" type="stmt" count="0"/>
        <line num="92" type="stmt" count="0"/>
        <line num="96" type="stmt" count="0"/>
        <line num="98" type="stmt" count="0"/>
        <line num="101" type="stmt" count="0"/>
        <line num="102" type="stmt" count="0"/>
        <line num="103" type="stmt" count="0"/>
        <line num="104" type="stmt" count="0"/>
        <line num="106" type="stmt" count="0"/>
        <line num="108" type="stmt" count="0"/>
        <line num="110" type="stmt" count="0"/>
        <line num="111" type="stmt" count="0"/>
        <line num="112" type="stmt" count="0"/>
        <line num="113" type="stmt" count="0"/>
        <line num="115" type="stmt" count="0"/>
        <line num="117" type="stmt" count="0"/>
        <line num="119" type="stmt" count="0"/>
        <line num="121" type="stmt" count="0"/>
        <line num="122" type="stmt" count="0"/>
        <line num="124" type="stmt" count="0"/>
        <line num="128" type="method" name="stop" visibility="private" complexity="6" crap="28.67" count="6"/>
        <line num="130" type="stmt" count="6"/>
        <line num="131" type="stmt" count="6"/>
        <line num="133" type="stmt" count="6"/>
        <line num="136" type="stmt" count="0"/>
        <line num="138" type="stmt" count="0"/>
        <line num="142" type="stmt" count="0"/>
        <line num="145" type="stmt" count="0"/>
        <line num="146" type="stmt" count="0"/>
        <line num="147" type="stmt" count="0"/>
        <line num="149" type="stmt" count="0"/>
        <line num="151" type="stmt" count="0"/>
        <line num="152" type="stmt" count="0"/>
        <line num="156" type="stmt" count="0"/>
        <line num="157" type="stmt" count="0"/>
        <line num="158" type="stmt" count="0"/>
        <line num="162" type="stmt" count="0"/>
        <line num="164" type="stmt" count="0"/>
        <line num="166" type="stmt" count="0"/>
        <line num="167" type="stmt" count="0"/>
        <line num="168" type="stmt" count="0"/>
        <line num="170" type="stmt" count="0"/>
        <line num="174" type="method" name="status" visibility="private" complexity="3" crap="5.10" count="8"/>
        <line num="176" type="stmt" count="8"/>
        <line num="178" type="stmt" count="8"/>
        <line num="179" type="stmt" count="0"/>
        <line num="180" type="stmt" count="0"/>
        <line num="183" type="stmt" count="0"/>
        <line num="184" type="stmt" count="0"/>
        <line num="185" type="stmt" count="0"/>
        <line num="188" type="stmt" count="0"/>
        <line num="189" type="stmt" count="0"/>
        <line num="190" type="stmt" count="0"/>
        <line num="192" type="stmt" count="8"/>
        <line num="193" type="stmt" count="8"/>
        <line num="196" type="stmt" count="8"/>
        <line num="199" type="method" name="invalidAction" visibility="private" complexity="1" crap="1" count="4"/>
        <line num="201" type="stmt" count="4"/>
        <line num="202" type="stmt" count="4"/>
        <line num="204" type="stmt" count="4"/>
        <line num="207" type="method" name="isDaemonRunning" visibility="private" complexity="3" crap="6.28" count="18"/>
        <line num="209" type="stmt" count="18"/>
        <line num="210" type="stmt" count="18"/>
        <line num="213" type="stmt" count="0"/>
        <line num="217" type="stmt" count="0"/>
        <line num="219" type="stmt" count="0"/>
        <line num="221" type="stmt" count="0"/>
        <line num="224" type="stmt" count="0"/>
        <line num="227" type="method" name="findDaemon" visibility="private" complexity="5" crap="9.66" count="4"/>
        <line num="230" type="stmt" count="4"/>
        <line num="231" type="stmt" count="4"/>
        <line num="232" type="stmt" count="4"/>
        <line num="236" type="stmt" count="0"/>
        <line num="237" type="stmt" count="0"/>
        <line num="238" type="stmt" count="0"/>
        <line num="241" type="stmt" count="0"/>
        <line num="244" type="method" name="startDaemon" visibility="private" complexity="5" crap="30" count="0"/>
        <line num="247" type="stmt" count="0"/>
        <line num="248" type="stmt" count="0"/>
        <line num="250" type="stmt" count="0"/>
        <line num="251" type="stmt" count="0"/>
        <line num="258" type="stmt" count="0"/>
        <line num="259" type="stmt" count="0"/>
        <line num="260" type="stmt" count="0"/>
        <line num="261" type="stmt" count="0"/>
        <line num="264" type="stmt" count="0"/>
        <line num="267" type="method" name="startSpotifyd" visibility="private" complexity="9" crap="90" count="0"/>
        <line num="269" type="stmt" count="0"/>
        <line num="270" type="stmt" count="0"/>
        <line num="272" type="stmt" count="0"/>
        <line num="273" type="stmt" count="0"/>
        <line num="277" type="stmt" count="0"/>
        <line num="278" type="stmt" count="0"/>
        <line num="279" type="stmt" count="0"/>
        <line num="281" type="stmt" count="0"/>
        <line num="282" type="stmt" count="0"/>
        <line num="283" type="stmt" count="0"/>
        <line num="285" type="stmt" count="0"/>
        <line num="286" type="stmt" count="0"/>
        <line num="289" type="stmt" count="0"/>
        <line num="293" type="stmt" count="0"/>
        <line num="294" type="stmt" count="0"/>
        <line num="297" type="stmt" count="0"/>
        <line num="298" type="stmt" count="0"/>
        <line num="300" type="stmt" count="0"/>
        <line num="303" type="stmt" count="0"/>
        <line num="304" type="stmt" count="0"/>
        <line num="305" type="stmt" count="0"/>
        <line num="307" type="stmt" count="0"/>
        <line num="308" type="stmt" count="0"/>
        <line num="309" type="stmt" count="0"/>
        <line num="310" type="stmt" count="0"/>
        <line num="311" type="stmt" count="0"/>
        <line num="312" type="stmt" count="0"/>
        <line num="313" type="stmt" count="0"/>
        <line num="314" type="stmt" count="0"/>
        <line num="316" type="stmt" count="0"/>
        <line num="319" type="stmt" count="0"/>
        <line num="320" type="stmt" count="0"/>
        <line num="321" type="stmt" count="0"/>
        <line num="324" type="stmt" count="0"/>
        <line num="326" type="stmt" count="0"/>
        <line num="327" type="stmt" count="0"/>
        <line num="331" type="stmt" count="0"/>
        <line num="332" type="stmt" count="0"/>
        <line num="333" type="stmt" count="0"/>
        <line num="334" type="stmt" count="0"/>
        <line num="338" type="stmt" count="0"/>
        <line num="341" type="method" name="hasSpotifydCredentials" visibility="private" complexity="5" crap="30" count="0"/>
        <line num="343" type="stmt" count="0"/>
        <line num="344" type="stmt" count="0"/>
        <line num="346" type="stmt" count="0"/>
        <line num="349" type="method" name="startLibrespot" visibility="private" complexity="5" crap="30" count="0"/>
        <line num="351" type="stmt" count="0"/>
        <line num="353" type="stmt" count="0"/>
        <line num="354" type="stmt" count="0"/>
        <line num="359" type="stmt" count="0"/>
        <line num="361" type="stmt" count="0"/>
        <line num="363" type="stmt" count="0"/>
        <line num="364" type="stmt" count="0"/>
        <line num="367" type="stmt" count="0"/>
        <line num="368" type="stmt" count="0"/>
        <line num="371" type="stmt" count="0"/>
        <line num="374" type="stmt" count="0"/>
        <line num="377" type="stmt" count="0"/>
        <line num="378" type="stmt" count="0"/>
        <line num="381" type="stmt" count="0"/>
        <line num="384" type="method" name="getSpotifyUsername" visibility="private" complexity="1" crap="2" count="0"/>
        <line num="386" type="stmt" count="0"/>
        <line num="387" type="stmt" count="0"/>
        <line num="389" type="stmt" count="0"/>
        <line num="392" type="method" name="checkSoxInstalled" visibility="private" complexity="1" crap="1" count="4"/>
        <line num="394" type="stmt" count="4"/>
        <metrics loc="397" ncloc="361" classes="1" methods="14" coveredmethods="4" conditionals="0" coveredconditionals="0" statements="176" coveredstatements="34" elements="190" coveredelements="38"/>
      </file>
      <file name="/Users/jordanpartridge/packages/music/app/Commands/DaemonSetupCommand.php">
        <class name="App\Commands\DaemonSetupCommand" namespace="App\Commands">
          <metrics complexity="20" methods="7" coveredmethods="0" conditionals="0" coveredconditionals="0" statements="86" coveredstatements="0" elements="93" coveredelements="0"/>
        </class>
        <line num="18" type="method" name="handle" visibility="public" complexity="1" crap="2" count="0"/>
        <line num="20" type="stmt" count="0"/>
        <line num="22" type="stmt" count="0"/>
        <line num="23" type="stmt" count="0"/>
        <line num="25" type="stmt" count="0"/>
        <line num="27" type="stmt" count="0"/>
        <line num="29" type="stmt" count="0"/>
        <line num="31" type="stmt" count="0"/>
        <line num="34" type="method" name="banner" visibility="private" complexity="1" crap="2" count="0"/>
        <line num="36" type="stmt" count="0"/>
        <line num="37" type="stmt" count="0"/>
        <line num="38" type="stmt" count="0"/>
        <line num="39" type="stmt" count="0"/>
        <line num="40" type="stmt" count="0"/>
        <line num="43" type="method" name="checkDependencies" visibility="private" complexity="5" crap="30" count="0"/>
        <line num="45" type="stmt" count="0"/>
        <line num="46" type="stmt" count="0"/>
        <line num="48" type="stmt" count="0"/>
        <line num="51" type="stmt" count="0"/>
        <line num="52" type="stmt" count="0"/>
        <line num="53" type="stmt" count="0"/>
        <line num="54" type="stmt" count="0"/>
        <line num="56" type="stmt" count="0"/>
        <line num="60" type="stmt" count="0"/>
        <line num="61" type="stmt" count="0"/>
        <line num="62" type="stmt" count="0"/>
        <line num="63" type="stmt" count="0"/>
        <line num="65" type="stmt" count="0"/>
        <line num="68" type="stmt" count="0"/>
        <line num="69" type="stmt" count="0"/>
        <line num="72" type="stmt" count="0"/>
        <line num="73" type="stmt" count="0"/>
        <line num="75" type="stmt" count="0"/>
        <line num="76" type="stmt" count="0"/>
        <line num="77" type="stmt" count="0"/>
        <line num="78" type="stmt" count="0"/>
        <line num="79" type="stmt" count="0"/>
        <line num="82" type="stmt" count="0"/>
        <line num="85" type="method" name="installDependencies" visibility="private" complexity="6" crap="42" count="0"/>
        <line num="87" type="stmt" count="0"/>
        <line num="89" type="stmt" count="0"/>
        <line num="90" type="stmt" count="0"/>
        <line num="91" type="stmt" count="0"/>
        <line num="92" type="stmt" count="0"/>
        <line num="94" type="stmt" count="0"/>
        <line num="95" type="stmt" count="0"/>
        <line num="98" type="stmt" count="0"/>
        <line num="99" type="stmt" count="0"/>
        <line num="101" type="stmt" count="0"/>
        <line num="104" type="stmt" count="0"/>
        <line num="105" type="stmt" count="0"/>
        <line num="106" type="stmt" count="0"/>
        <line num="108" type="stmt" count="0"/>
        <line num="111" type="stmt" count="0"/>
        <line num="112" type="stmt" count="0"/>
        <line num="113" type="stmt" count="0"/>
        <line num="117" type="stmt" count="0"/>
        <line num="120" type="method" name="authenticateSpotifyd" visibility="private" complexity="5" crap="30" count="0"/>
        <line num="122" type="stmt" count="0"/>
        <line num="123" type="stmt" count="0"/>
        <line num="124" type="stmt" count="0"/>
        <line num="126" type="stmt" count="0"/>
        <line num="127" type="stmt" count="0"/>
        <line num="128" type="stmt" count="0"/>
        <line num="132" type="stmt" count="0"/>
        <line num="133" type="stmt" count="0"/>
        <line num="134" type="stmt" count="0"/>
        <line num="136" type="stmt" count="0"/>
        <line num="139" type="stmt" count="0"/>
        <line num="140" type="stmt" count="0"/>
        <line num="141" type="stmt" count="0"/>
        <line num="143" type="stmt" count="0"/>
        <line num="145" type="stmt" count="0"/>
        <line num="147" type="stmt" count="0"/>
        <line num="148" type="stmt" count="0"/>
        <line num="150" type="stmt" count="0"/>
        <line num="151" type="stmt" count="0"/>
        <line num="155" type="method" name="startDaemon" visibility="private" complexity="1" crap="2" count="0"/>
        <line num="157" type="stmt" count="0"/>
        <line num="158" type="stmt" count="0"/>
        <line num="159" type="stmt" count="0"/>
        <line num="161" type="stmt" count="0"/>
        <line num="164" type="method" name="displaySuccess" visibility="private" complexity="1" crap="2" count="0"/>
        <line num="166" type="stmt" count="0"/>
        <line num="167" type="stmt" count="0"/>
        <line num="168" type="stmt" count="0"/>
        <line num="169" type="stmt" count="0"/>
        <line num="170" type="stmt" count="0"/>
        <line num="172" type="stmt" count="0"/>
        <line num="173" type="stmt" count="0"/>
        <line num="174" type="stmt" count="0"/>
        <line num="175" type="stmt" count="0"/>
        <line num="176" type="stmt" count="0"/>
        <metrics loc="179" ncloc="175" classes="1" methods="7" coveredmethods="0" conditionals="0" coveredconditionals="0" statements="86" coveredstatements="0" elements="93" coveredelements="0"/>
      </file>
      <file name="/Users/jordanpartridge/packages/music/app/Commands/DevAgent.php">
        <class name="App\Commands\DevAgent" namespace="App\Commands">
          <metrics complexity="38" methods="12" coveredmethods="0" conditionals="0" coveredconditionals="0" statements="138" coveredstatements="0" elements="150" coveredelements="0"/>
        </class>
        <line num="16" type="method" name="handle" visibility="public" complexity="6" crap="42" count="0"/>
        <line num="18" type="stmt" count="0"/>
        <line num="19" type="stmt" count="0"/>
        <line num="21" type="stmt" count="0"/>
        <line num="23" type="stmt" count="0"/>
        <line num="24" type="stmt" count="0"/>
        <line num="25" type="stmt" count="0"/>
        <line num="26" type="stmt" count="0"/>
        <line num="27" type="stmt" count="0"/>
        <line num="28" type="stmt" count="0"/>
        <line num="29" type="stmt" count="0"/>
        <line num="32" type="method" name="runAll" visibility="private" complexity="3" crap="12" count="0"/>
        <line num="34" type="stmt" count="0"/>
        <line num="36" type="stmt" count="0"/>
        <line num="37" type="stmt" count="0"/>
        <line num="38" type="stmt" count="0"/>
        <line num="40" type="stmt" count="0"/>
        <line num="41" type="stmt" count="0"/>
        <line num="44" type="stmt" count="0"/>
        <line num="46" type="stmt" count="0"/>
        <line num="48" type="stmt" count="0"/>
        <line num="50" type="stmt" count="0"/>
        <line num="53" type="method" name="runLint" visibility="private" complexity="3" crap="12" count="0"/>
        <line num="55" type="stmt" count="0"/>
        <line num="57" type="stmt" count="0"/>
        <line num="58" type="stmt" count="0"/>
        <line num="59" type="stmt" count="0"/>
        <line num="61" type="stmt" count="0"/>
        <line num="62" type="stmt" count="0"/>
        <line num="63" type="stmt" count="0"/>
        <line num="65" type="stmt" count="0"/>
        <line num="66" type="stmt" count="0"/>
        <line num="67" type="stmt" count="0"/>
        <line num="68" type="stmt" count="0"/>
        <line num="70" type="stmt" count="0"/>
        <line num="73" type="method" name="runAnalyze" visibility="private" complexity="2" crap="6" count="0"/>
        <line num="75" type="stmt" count="0"/>
        <line num="77" type="stmt" count="0"/>
        <line num="78" type="stmt" count="0"/>
        <line num="79" type="stmt" count="0"/>
        <line num="80" type="stmt" count="0"/>
        <line num="81" type="stmt" count="0"/>
        <line num="82" type="stmt" count="0"/>
        <line num="84" type="stmt" count="0"/>
        <line num="85" type="stmt" count="0"/>
        <line num="87" type="stmt" count="0"/>
        <line num="88" type="stmt" count="0"/>
        <line num="89" type="stmt" count="0"/>
        <line num="90" type="stmt" count="0"/>
        <line num="92" type="stmt" count="0"/>
        <line num="95" type="method" name="runTestsInternal" visibility="private" complexity="2" crap="6" count="0"/>
        <line num="97" type="stmt" count="0"/>
        <line num="99" type="stmt" count="0"/>
        <line num="100" type="stmt" count="0"/>
        <line num="101" type="stmt" count="0"/>
        <line num="103" type="stmt" count="0"/>
        <line num="104" type="stmt" count="0"/>
        <line num="105" type="stmt" count="0"/>
        <line num="106" type="stmt" count="0"/>
        <line num="108" type="stmt" count="0"/>
        <line num="111" type="method" name="analyzeAndFix" visibility="private" complexity="6" crap="42" count="0"/>
        <line num="113" type="stmt" count="0"/>
        <line num="115" type="stmt" count="0"/>
        <line num="116" type="stmt" count="0"/>
        <line num="117" type="stmt" count="0"/>
        <line num="121" type="stmt" count="0"/>
        <line num="122" type="stmt" count="0"/>
        <line num="124" type="stmt" count="0"/>
        <line num="127" type="stmt" count="0"/>
        <line num="128" type="stmt" count="0"/>
        <line num="130" type="stmt" count="0"/>
        <line num="131" type="stmt" count="0"/>
        <line num="132" type="stmt" count="0"/>
        <line num="133" type="stmt" count="0"/>
        <line num="134" type="stmt" count="0"/>
        <line num="135" type="stmt" count="0"/>
        <line num="137" type="stmt" count="0"/>
        <line num="138" type="stmt" count="0"/>
        <line num="142" type="method" name="runReview" visibility="private" complexity="4" crap="20" count="0"/>
        <line num="144" type="stmt" count="0"/>
        <line num="145" type="stmt" count="0"/>
        <line num="146" type="stmt" count="0"/>
        <line num="148" type="stmt" count="0"/>
        <line num="149" type="stmt" count="0"/>
        <line num="150" type="stmt" count="0"/>
        <line num="152" type="stmt" count="0"/>
        <line num="153" type="stmt" count="0"/>
        <line num="154" type="stmt" count="0"/>
        <line num="155" type="stmt" count="0"/>
        <line num="159" type="stmt" count="0"/>
        <line num="162" type="method" name="runFixes" visibility="private" complexity="4" crap="20" count="0"/>
        <line num="164" type="stmt" count="0"/>
        <line num="165" type="stmt" count="0"/>
        <line num="167" type="stmt" count="0"/>
        <line num="168" type="stmt" count="0"/>
        <line num="169" type="stmt" count="0"/>
        <line num="170" type="stmt" count="0"/>
        <line num="172" type="stmt" count="0"/>
        <line num="174" type="stmt" count="0"/>
        <line num="175" type="stmt" count="0"/>
        <line num="176" type="stmt" count="0"/>
        <line num="177" type="stmt" count="0"/>
        <line num="178" type="stmt" count="0"/>
        <line num="179" type="stmt" count="0"/>
        <line num="180" type="stmt" count="0"/>
        <line num="182" type="stmt" count="0"/>
        <line num="184" type="stmt" count="0"/>
        <line num="185" type="stmt" count="0"/>
        <line num="187" type="stmt" count="0"/>
        <line num="188" type="stmt" count="0"/>
        <line num="189" type="stmt" count="0"/>
        <line num="191" type="stmt" count="0"/>
        <line num="193" type="stmt" count="0"/>
        <line num="194" type="stmt" count="0"/>
        <line num="196" type="stmt" count="0"/>
        <line num="199" type="stmt" count="0"/>
        <line num="201" type="stmt" count="0"/>
        <line num="204" type="method" name="runTestsOnly" visibility="private" complexity="2" crap="6" count="0"/>
        <line num="206" type="stmt" count="0"/>
        <line num="208" type="stmt" count="0"/>
        <line num="211" type="method" name="displaySummary" visibility="private" complexity="4" crap="20" count="0"/>
        <line num="213" type="stmt" count="0"/>
        <line num="214" type="stmt" count="0"/>
        <line num="216" type="stmt" count="0"/>
        <line num="217" type="stmt" count="0"/>
        <line num="219" type="stmt" count="0"/>
        <line num="220" type="stmt" count="0"/>
        <line num="222" type="stmt" count="0"/>
        <line num="224" type="stmt" count="0"/>
        <line num="225" type="stmt" count="0"/>
        <line num="226" type="stmt" count="0"/>
        <line num="227" type="stmt" count="0"/>
        <line num="228" type="stmt" count="0"/>
        <line num="232" type="stmt" count="0"/>
        <line num="233" type="stmt" count="0"/>
        <line num="237" type="method" name="invalidTask" visibility="private" complexity="1" crap="2" count="0"/>
        <line num="239" type="stmt" count="0"/>
        <line num="240" type="stmt" count="0"/>
        <line num="242" type="stmt" count="0"/>
        <line num="243" type="stmt" count="0"/>
        <line num="244" type="stmt" count="0"/>
        <line num="245" type="stmt" count="0"/>
        <line num="246" type="stmt" count="0"/>
        <line num="248" type="stmt" count="0"/>
        <line num="251" type="method" name="banner" visibility="private" complexity="1" crap="2" count="0"/>
        <line num="253" type="stmt" count="0"/>
        <line num="254" type="stmt" count="0"/>
        <line num="255" type="stmt" count="0"/>
        <line num="256" type="stmt" count="0"/>
        <line num="257" type="stmt" count="0"/>
        <metrics loc="260" ncloc="260" classes="1" methods="12" coveredmethods="0" conditionals="0" coveredconditionals="0" statements="138" coveredstatements="0" elements="150" coveredelements="0"/>
      </file>
      <file name="/Users/jordanpartridge/packages/music/app/Commands/DevicesCommand.php">
        <class name="App\Commands\DevicesCommand" namespace="App\Commands">
          <metrics complexity="32" methods="2" coveredmethods="0" conditionals="0" coveredconditionals="0" statements="89" coveredstatements="43" elements="91" coveredelements="43"/>
        </class>
        <line num="19" type="method" name="handle" visibility="public" complexity="20" crap="95.46" count="4"/>
        <line num="21" type="stmt" count="4"/>
        <line num="22" type="stmt" count="1"/>
        <line num="25" type="stmt" count="3"/>
        <line num="28" type="stmt" count="3"/>
        <line num="30" type="stmt" count="2"/>
        <line num="31" type="stmt" count="1"/>
        <line num="32" type="stmt" count="1"/>
        <line num="34" type="stmt" count="1"/>
        <line num="37" type="stmt" count="1"/>
        <line num="38" type="stmt" count="0"/>
        <line num="40" type="stmt" count="0"/>
        <line num="43" type="stmt" count="1"/>
        <line num="45" type="stmt" count="1"/>
        <line num="48" type="stmt" count="1"/>
        <line num="49" type="stmt" count="1"/>
        <line num="50" type="stmt" count="1"/>
        <line num="51" type="stmt" count="1"/>
        <line num="52" type="stmt" count="1"/>
        <line num="54" type="stmt" count="1"/>
        <line num="57" type="stmt" count="1"/>
        <line num="58" type="stmt" count="1"/>
        <line num="59" type="stmt" count="1"/>
        <line num="60" type="stmt" count="1"/>
        <line num="61" type="stmt" count="1"/>
        <line num="62" type="stmt" count="1"/>
        <line num="63" type="stmt" count="1"/>
        <line num="64" type="stmt" count="1"/>
        <line num="66" type="stmt" count="1"/>
        <line num="70" type="stmt" count="0"/>
        <line num="71" type="stmt" count="0"/>
        <line num="73" type="stmt" count="0"/>
        <line num="74" type="stmt" count="0"/>
        <line num="75" type="stmt" count="0"/>
        <line num="76" type="stmt" count="0"/>
        <line num="77" type="stmt" count="0"/>
        <line num="78" type="stmt" count="0"/>
        <line num="79" type="stmt" count="0"/>
        <line num="80" type="stmt" count="0"/>
        <line num="81" type="stmt" count="0"/>
        <line num="82" type="stmt" count="0"/>
        <line num="83" type="stmt" count="0"/>
        <line num="85" type="stmt" count="0"/>
        <line num="86" type="stmt" count="0"/>
        <line num="87" type="stmt" count="0"/>
        <line num="89" type="stmt" count="0"/>
        <line num="90" type="stmt" count="0"/>
        <line num="94" type="stmt" count="0"/>
        <line num="95" type="stmt" count="0"/>
        <line num="96" type="stmt" count="0"/>
        <line num="97" type="stmt" count="0"/>
        <line num="98" type="stmt" count="0"/>
        <line num="100" type="stmt" count="0"/>
        <line num="101" type="stmt" count="0"/>
        <line num="103" type="stmt" count="0"/>
        <line num="107" type="stmt" count="0"/>
        <line num="108" type="stmt" count="0"/>
        <line num="110" type="stmt" count="0"/>
        <line num="113" type="stmt" count="0"/>
        <line num="114" type="stmt" count="0"/>
        <line num="115" type="stmt" count="0"/>
        <line num="116" type="stmt" count="0"/>
        <line num="117" type="stmt" count="0"/>
        <line num="118" type="stmt" count="0"/>
        <line num="119" type="stmt" count="0"/>
        <line num="121" type="stmt" count="0"/>
        <line num="123" type="stmt" count="1"/>
        <line num="124" type="stmt" count="1"/>
        <line num="126" type="stmt" count="1"/>
        <line num="130" type="method" name="displayDevices" visibility="private" complexity="12" crap="17.33" count="1"/>
        <line num="132" type="stmt" count="1"/>
        <line num="133" type="stmt" count="1"/>
        <line num="135" type="stmt" count="1"/>
        <line num="136" type="stmt" count="1"/>
        <line num="137" type="stmt" count="1"/>
        <line num="138" type="stmt" count="1"/>
        <line num="139" type="stmt" count="0"/>
        <line num="140" type="stmt" count="0"/>
        <line num="141" type="stmt" count="0"/>
        <line num="142" type="stmt" count="0"/>
        <line num="143" type="stmt" count="0"/>
        <line num="144" type="stmt" count="0"/>
        <line num="145" type="stmt" count="1"/>
        <line num="147" type="stmt" count="1"/>
        <line num="149" type="stmt" count="1"/>
        <line num="150" type="stmt" count="1"/>
        <line num="151" type="stmt" count="1"/>
        <line num="152" type="stmt" count="1"/>
        <line num="153" type="stmt" count="1"/>
        <line num="156" type="stmt" count="1"/>
        <line num="157" type="stmt" count="0"/>
        <metrics loc="161" ncloc="156" classes="1" methods="2" coveredmethods="0" conditionals="0" coveredconditionals="0" statements="89" coveredstatements="43" elements="91" coveredelements="43"/>
      </file>
      <file name="/Users/jordanpartridge/packages/music/app/Commands/DiscoverCommand.php">
        <class name="App\Commands\DiscoverCommand" namespace="App\Commands">
          <metrics complexity="10" methods="2" coveredmethods="0" conditionals="0" coveredconditionals="0" statements="35" coveredstatements="30" elements="37" coveredelements="30"/>
        </class>
        <line num="21" type="method" name="handle" visibility="public" complexity="6" crap="6.06" count="5"/>
        <line num="23" type="stmt" count="5"/>
        <line num="24" type="stmt" count="1"/>
        <line num="27" type="stmt" count="4"/>
        <line num="28" type="stmt" count="4"/>
        <line num="29" type="stmt" count="4"/>
        <line num="30" type="stmt" count="4"/>
        <line num="34" type="stmt" count="4"/>
        <line num="36" type="stmt" count="4"/>
        <line num="38" type="stmt" count="4"/>
        <line num="39" type="stmt" count="2"/>
        <line num="40" type="stmt" count="2"/>
        <line num="41" type="stmt" count="2"/>
        <line num="42" type="stmt" count="2"/>
        <line num="44" type="stmt" count="2"/>
        <line num="47" type="stmt" count="2"/>
        <line num="48" type="stmt" count="2"/>
        <line num="50" type="stmt" count="2"/>
        <line num="51" type="stmt" count="1"/>
        <line num="53" type="stmt" count="1"/>
        <line num="56" type="stmt" count="1"/>
        <line num="57" type="stmt" count="1"/>
        <line num="60" type="stmt" count="1"/>
        <line num="62" type="stmt" count="0"/>
        <line num="63" type="stmt" count="0"/>
        <line num="65" type="stmt" count="0"/>
        <line num="69" type="method" name="enrichQuery" visibility="private" complexity="4" crap="4.13" count="4"/>
        <line num="72" type="stmt" count="4"/>
        <line num="73" type="stmt" count="1"/>
        <line num="75" type="stmt" count="3"/>
        <line num="77" type="stmt" count="3"/>
        <line num="79" type="stmt" count="3"/>
        <line num="82" type="stmt" count="1"/>
        <line num="83" type="stmt" count="1"/>
        <line num="85" type="stmt" count="1"/>
        <line num="87" type="stmt" count="0"/>
        <line num="91" type="stmt" count="0"/>
        <metrics loc="94" ncloc="91" classes="1" methods="2" coveredmethods="0" conditionals="0" coveredconditionals="0" statements="35" coveredstatements="30" elements="37" coveredelements="30"/>
      </file>
      <file name="/Users/jordanpartridge/packages/music/app/Commands/DocAgent.php">
        <class name="App\Commands\DocAgent" namespace="App\Commands">
          <metrics complexity="4" methods="1" coveredmethods="0" conditionals="0" coveredconditionals="0" statements="20" coveredstatements="0" elements="21" coveredelements="0"/>
        </class>
        <line num="13" type="method" name="handle" visibility="public" complexity="4" crap="20" count="0"/>
        <line num="15" type="stmt" count="0"/>
        <line num="17" type="stmt" count="0"/>
        <line num="18" type="stmt" count="0"/>
        <line num="21" type="stmt" count="0"/>
        <line num="23" type="stmt" count="0"/>
        <line num="24" type="stmt" count="0"/>
        <line num="26" type="stmt" count="0"/>
        <line num="29" type="stmt" count="0"/>
        <line num="30" type="stmt" count="0"/>
        <line num="32" type="stmt" count="0"/>
        <line num="34" type="stmt" count="0"/>
        <line num="35" type="stmt" count="0"/>
        <line num="36" type="stmt" count="0"/>
        <line num="39" type="stmt" count="0"/>
        <line num="41" type="stmt" count="0"/>
        <line num="42" type="stmt" count="0"/>
        <line num="44" type="stmt" count="0"/>
        <line num="45" type="stmt" count="0"/>
        <line num="46" type="stmt" count="0"/>
        <line num="48" type="stmt" count="0"/>
        <metrics loc="52" ncloc="52" classes="1" methods="1" coveredmethods="0" conditionals="0" coveredconditionals="0" statements="20" coveredstatements="0" elements="21" coveredelements="0"/>
      </file>
      <file name="/Users/jordanpartridge/packages/music/app/Commands/EventEmitCommand.php">
        <class name="App\Commands\EventEmitCommand" namespace="App\Commands">
          <metrics complexity="3" methods="1" coveredmethods="1" conditionals="0" coveredconditionals="0" statements="20" coveredstatements="20" elements="21" coveredelements="21"/>
        </class>
        <line num="13" type="method" name="handle" visibility="public" complexity="3" crap="3" count="46"/>
        <line num="15" type="stmt" count="46"/>
        <line num="16" type="stmt" count="46"/>
        <line num="19" type="stmt" count="46"/>
        <line num="20" type="stmt" count="46"/>
        <line num="21" type="stmt" count="46"/>
        <line num="22" type="stmt" count="46"/>
        <line num="23" type="stmt" count="46"/>
        <line num="24" type="stmt" count="46"/>
        <line num="27" type="stmt" count="46"/>
        <line num="28" type="stmt" count="46"/>
        <line num="31" type="stmt" count="46"/>
        <line num="32" type="stmt" count="46"/>
        <line num="33" type="stmt" count="1"/>
        <line num="37" type="stmt" count="46"/>
        <line num="38" type="stmt" count="46"/>
        <line num="39" type="stmt" count="46"/>
        <line num="40" type="stmt" count="46"/>
        <line num="41" type="stmt" count="46"/>
        <line num="43" type="stmt" count="46"/>
        <line num="45" type="stmt" count="46"/>
        <metrics loc="48" ncloc="44" classes="1" methods="1" coveredmethods="1" conditionals="0" coveredconditionals="0" statements="20" coveredstatements="20" elements="21" coveredelements="21"/>
      </file>
      <file name="/Users/jordanpartridge/packages/music/app/Commands/ExplainAgent.php">
        <class name="App\Commands\ExplainAgent" namespace="App\Commands">
          <metrics complexity="4" methods="1" coveredmethods="0" conditionals="0" coveredconditionals="0" statements="19" coveredstatements="0" elements="20" coveredelements="0"/>
        </class>
        <line num="13" type="method" name="handle" visibility="public" complexity="4" crap="20" count="0"/>
        <line num="15" type="stmt" count="0"/>
        <line num="17" type="stmt" count="0"/>
        <line num="18" type="stmt" count="0"/>
        <line num="21" type="stmt" count="0"/>
        <line num="23" type="stmt" count="0"/>
        <line num="24" type="stmt" count="0"/>
        <line num="26" type="stmt" count="0"/>
        <line num="29" type="stmt" count="0"/>
        <line num="30" type="stmt" count="0"/>
        <line num="32" type="stmt" count="0"/>
        <line num="34" type="stmt" count="0"/>
        <line num="35" type="stmt" count="0"/>
        <line num="38" type="stmt" count="0"/>
        <line num="40" type="stmt" count="0"/>
        <line num="41" type="stmt" count="0"/>
        <line num="43" type="stmt" count="0"/>
        <line num="44" type="stmt" count="0"/>
        <line num="45" type="stmt" count="0"/>
        <line num="47" type="stmt" count="0"/>
        <metrics loc="51" ncloc="51" classes="1" methods="1" coveredmethods="0" conditionals="0" coveredconditionals="0" statements="19" coveredstatements="0" elements="20" coveredelements="0"/>
      </file>
      <file name="/Users/jordanpartridge/packages/music/app/Commands/FlowCommand.php">
        <class name="App\Commands\FlowCommand" namespace="App\Commands">
          <metrics complexity="15" methods="3" coveredmethods="1" conditionals="0" coveredconditionals="0" statements="50" coveredstatements="46" elements="53" coveredelements="47"/>
        </class>
        <line num="19" type="method" name="handle" visibility="public" complexity="7" crap="7.04" count="4"/>
        <line num="21" type="stmt" count="4"/>
        <line num="22" type="stmt" count="1"/>
        <line num="25" type="stmt" count="3"/>
        <line num="26" type="stmt" count="3"/>
        <line num="29" type="stmt" count="3"/>
        <line num="32" type="stmt" count="3"/>
        <line num="33" type="stmt" count="3"/>
        <line num="34" type="stmt" count="3"/>
        <line num="35" type="stmt" count="3"/>
        <line num="36" type="stmt" count="3"/>
        <line num="38" type="stmt" count="3"/>
        <line num="40" type="stmt" count="3"/>
        <line num="41" type="stmt" count="1"/>
        <line num="43" type="stmt" count="1"/>
        <line num="46" type="stmt" count="2"/>
        <line num="48" type="stmt" count="2"/>
        <line num="49" type="stmt" count="1"/>
        <line num="50" type="stmt" count="1"/>
        <line num="51" type="stmt" count="1"/>
        <line num="52" type="stmt" count="1"/>
        <line num="53" type="stmt" count="1"/>
        <line num="55" type="stmt" count="1"/>
        <line num="58" type="stmt" count="1"/>
        <line num="59" type="stmt" count="1"/>
        <line num="60" type="stmt" count="1"/>
        <line num="61" type="stmt" count="1"/>
        <line num="62" type="stmt" count="1"/>
        <line num="65" type="stmt" count="1"/>
        <line num="67" type="stmt" count="0"/>
        <line num="68" type="stmt" count="0"/>
        <line num="70" type="stmt" count="0"/>
        <line num="74" type="method" name="gatherTracks" visibility="private" complexity="5" crap="5.01" count="3"/>
        <line num="76" type="stmt" count="3"/>
        <line num="77" type="stmt" count="3"/>
        <line num="79" type="stmt" count="3"/>
        <line num="80" type="stmt" count="3"/>
        <line num="81" type="stmt" count="0"/>
        <line num="84" type="stmt" count="3"/>
        <line num="85" type="stmt" count="3"/>
        <line num="87" type="stmt" count="3"/>
        <line num="88" type="stmt" count="2"/>
        <line num="89" type="stmt" count="2"/>
        <line num="90" type="stmt" count="2"/>
        <line num="95" type="stmt" count="3"/>
        <line num="98" type="method" name="queueTracks" visibility="private" complexity="3" crap="3" count="2"/>
        <line num="100" type="stmt" count="2"/>
        <line num="102" type="stmt" count="2"/>
        <line num="103" type="stmt" count="2"/>
        <line num="104" type="stmt" count="2"/>
        <line num="106" type="stmt" count="1"/>
        <line num="108" type="stmt" count="2"/>
        <line num="111" type="stmt" count="2"/>
        <metrics loc="114" ncloc="113" classes="1" methods="3" coveredmethods="1" conditionals="0" coveredconditionals="0" statements="50" coveredstatements="46" elements="53" coveredelements="47"/>
      </file>
      <file name="/Users/jordanpartridge/packages/music/app/Commands/HypeCommand.php">
        <class name="App\Commands\HypeCommand" namespace="App\Commands">
          <metrics complexity="15" methods="3" coveredmethods="1" conditionals="0" coveredconditionals="0" statements="47" coveredstatements="43" elements="50" coveredelements="44"/>
        </class>
        <line num="17" type="method" name="handle" visibility="public" complexity="7" crap="7.06" count="4"/>
        <line num="19" type="stmt" count="4"/>
        <line num="20" type="stmt" count="1"/>
        <line num="23" type="stmt" count="3"/>
        <line num="26" type="stmt" count="3"/>
        <line num="27" type="stmt" count="3"/>
        <line num="28" type="stmt" count="3"/>
        <line num="29" type="stmt" count="3"/>
        <line num="30" type="stmt" count="3"/>
        <line num="32" type="stmt" count="3"/>
        <line num="34" type="stmt" count="3"/>
        <line num="35" type="stmt" count="1"/>
        <line num="37" type="stmt" count="1"/>
        <line num="40" type="stmt" count="2"/>
        <line num="42" type="stmt" count="2"/>
        <line num="43" type="stmt" count="1"/>
        <line num="44" type="stmt" count="1"/>
        <line num="45" type="stmt" count="1"/>
        <line num="46" type="stmt" count="1"/>
        <line num="48" type="stmt" count="1"/>
        <line num="51" type="stmt" count="1"/>
        <line num="52" type="stmt" count="1"/>
        <line num="53" type="stmt" count="1"/>
        <line num="54" type="stmt" count="1"/>
        <line num="55" type="stmt" count="1"/>
        <line num="58" type="stmt" count="1"/>
        <line num="60" type="stmt" count="0"/>
        <line num="61" type="stmt" count="0"/>
        <line num="63" type="stmt" count="0"/>
        <line num="67" type="method" name="gatherTracks" visibility="private" complexity="5" crap="5.01" count="3"/>
        <line num="69" type="stmt" count="3"/>
        <line num="70" type="stmt" count="3"/>
        <line num="72" type="stmt" count="3"/>
        <line num="73" type="stmt" count="3"/>
        <line num="74" type="stmt" count="0"/>
        <line num="77" type="stmt" count="3"/>
        <line num="78" type="stmt" count="3"/>
        <line num="80" type="stmt" count="3"/>
        <line num="81" type="stmt" count="2"/>
        <line num="82" type="stmt" count="2"/>
        <line num="83" type="stmt" count="2"/>
        <line num="88" type="stmt" count="3"/>
        <line num="91" type="method" name="queueTracks" visibility="private" complexity="3" crap="3" count="2"/>
        <line num="93" type="stmt" count="2"/>
        <line num="95" type="stmt" count="2"/>
        <line num="96" type="stmt" count="2"/>
        <line num="97" type="stmt" count="2"/>
        <line num="99" type="stmt" count="1"/>
        <line num="101" type="stmt" count="2"/>
        <line num="104" type="stmt" count="2"/>
        <metrics loc="107" ncloc="107" classes="1" methods="3" coveredmethods="1" conditionals="0" coveredconditionals="0" statements="47" coveredstatements="43" elements="50" coveredelements="44"/>
      </file>
      <file name="/Users/jordanpartridge/packages/music/app/Commands/InspireCommand.php">
        <class name="App\Commands\InspireCommand" namespace="App\Commands">
          <metrics complexity="2" methods="2" coveredmethods="2" conditionals="0" coveredconditionals="0" statements="3" coveredstatements="3" elements="5" coveredelements="5"/>
        </class>
        <line num="29" type="method" name="handle" visibility="public" complexity="1" crap="1" count="4"/>
        <line num="31" type="stmt" count="4"/>
        <line num="38" type="stmt" count="4"/>
        <line num="44" type="method" name="schedule" visibility="public" complexity="1" crap="1" count="195"/>
        <line num="47" type="stmt" count="195"/>
        <metrics loc="49" ncloc="32" classes="1" methods="2" coveredmethods="2" conditionals="0" coveredconditionals="0" statements="3" coveredstatements="3" elements="5" coveredelements="5"/>
      </file>
      <file name="/Users/jordanpartridge/packages/music/app/Commands/LintAgent.php">
        <class name="App\Commands\LintAgent" namespace="App\Commands">
          <metrics complexity="5" methods="2" coveredmethods="0" conditionals="0" coveredconditionals="0" statements="22" coveredstatements="0" elements="24" coveredelements="0"/>
        </class>
        <line num="14" type="method" name="handle" visibility="public" complexity="4" crap="20" count="0"/>
        <line num="16" type="stmt" count="0"/>
        <line num="18" type="stmt" count="0"/>
        <line num="20" type="stmt" count="0"/>
        <line num="21" type="stmt" count="0"/>
        <line num="23" type="stmt" count="0"/>
        <line num="24" type="stmt" count="0"/>
        <line num="25" type="stmt" count="0"/>
        <line num="27" type="stmt" count="0"/>
        <line num="28" type="stmt" count="0"/>
        <line num="29" type="stmt" count="0"/>
        <line num="31" type="stmt" count="0"/>
        <line num="32" type="stmt" count="0"/>
        <line num="34" type="stmt" count="0"/>
        <line num="35" type="stmt" count="0"/>
        <line num="38" type="stmt" count="0"/>
        <line num="41" type="stmt" count="0"/>
        <line num="43" type="stmt" count="0"/>
        <line num="46" type="method" name="banner" visibility="private" complexity="1" crap="2" count="0"/>
        <line num="48" type="stmt" count="0"/>
        <line num="49" type="stmt" count="0"/>
        <line num="50" type="stmt" count="0"/>
        <line num="51" type="stmt" count="0"/>
        <line num="52" type="stmt" count="0"/>
        <metrics loc="55" ncloc="55" classes="1" methods="2" coveredmethods="0" conditionals="0" coveredconditionals="0" statements="22" coveredstatements="0" elements="24" coveredelements="0"/>
      </file>
      <file name="/Users/jordanpartridge/packages/music/app/Commands/LoginCommand.php">
        <class name="App\Commands\LoginCommand" namespace="App\Commands">
          <metrics complexity="25" methods="6" coveredmethods="0" conditionals="0" coveredconditionals="0" statements="151" coveredstatements="7" elements="157" coveredelements="7"/>
        </class>
        <line num="22" type="method" name="handle" visibility="public" complexity="9" crap="74.30" count="4"/>
        <line num="25" type="stmt" count="4"/>
        <line num="26" type="stmt" count="4"/>
        <line num="27" type="stmt" count="4"/>
        <line num="29" type="stmt" count="4"/>
        <line num="30" type="stmt" count="4"/>
        <line num="31" type="stmt" count="4"/>
        <line num="33" type="stmt" count="4"/>
        <line num="36" type="stmt" count="0"/>
        <line num="39" type="stmt" count="0"/>
        <line num="40" type="stmt" count="0"/>
        <line num="43" type="stmt" count="0"/>
        <line num="44" type="stmt" count="0"/>
        <line num="45" type="stmt" count="0"/>
        <line num="46" type="stmt" count="0"/>
        <line num="47" type="stmt" count="0"/>
        <line num="48" type="stmt" count="0"/>
        <line num="49" type="stmt" count="0"/>
        <line num="51" type="stmt" count="0"/>
        <line num="52" type="stmt" count="0"/>
        <line num="53" type="stmt" count="0"/>
        <line num="54" type="stmt" count="0"/>
        <line num="55" type="stmt" count="0"/>
        <line num="56" type="stmt" count="0"/>
        <line num="57" type="stmt" count="0"/>
        <line num="59" type="stmt" count="0"/>
        <line num="60" type="stmt" count="0"/>
        <line num="64" type="stmt" count="0"/>
        <line num="67" type="stmt" count="0"/>
        <line num="68" type="stmt" count="0"/>
        <line num="69" type="stmt" count="0"/>
        <line num="70" type="stmt" count="0"/>
        <line num="71" type="stmt" count="0"/>
        <line num="72" type="stmt" count="0"/>
        <line num="73" type="stmt" count="0"/>
        <line num="74" type="stmt" count="0"/>
        <line num="75" type="stmt" count="0"/>
        <line num="76" type="stmt" count="0"/>
        <line num="79" type="stmt" count="0"/>
        <line num="81" type="stmt" count="0"/>
        <line num="82" type="stmt" count="0"/>
        <line num="83" type="stmt" count="0"/>
        <line num="84" type="stmt" count="0"/>
        <line num="85" type="stmt" count="0"/>
        <line num="86" type="stmt" count="0"/>
        <line num="87" type="stmt" count="0"/>
        <line num="88" type="stmt" count="0"/>
        <line num="91" type="stmt" count="0"/>
        <line num="92" type="stmt" count="0"/>
        <line num="94" type="stmt" count="0"/>
        <line num="97" type="stmt" count="0"/>
        <line num="98" type="stmt" count="0"/>
        <line num="101" type="stmt" count="0"/>
        <line num="102" type="stmt" count="0"/>
        <line num="103" type="stmt" count="0"/>
        <line num="104" type="stmt" count="0"/>
        <line num="106" type="stmt" count="0"/>
        <line num="108" type="stmt" count="0"/>
        <line num="109" type="stmt" count="0"/>
        <line num="112" type="stmt" count="0"/>
        <line num="113" type="stmt" count="0"/>
        <line num="114" type="stmt" count="0"/>
        <line num="115" type="stmt" count="0"/>
        <line num="116" type="stmt" count="0"/>
        <line num="117" type="stmt" count="0"/>
        <line num="118" type="stmt" count="0"/>
        <line num="120" type="stmt" count="0"/>
        <line num="123" type="stmt" count="0"/>
        <line num="126" type="stmt" count="0"/>
        <line num="127" type="stmt" count="0"/>
        <line num="128" type="stmt" count="0"/>
        <line num="129" type="stmt" count="0"/>
        <line num="131" type="stmt" count="0"/>
        <line num="132" type="stmt" count="0"/>
        <line num="135" type="stmt" count="0"/>
        <line num="136" type="stmt" count="0"/>
        <line num="137" type="stmt" count="0"/>
        <line num="138" type="stmt" count="0"/>
        <line num="139" type="stmt" count="0"/>
        <line num="140" type="stmt" count="0"/>
        <line num="141" type="stmt" count="0"/>
        <line num="143" type="stmt" count="0"/>
        <line num="147" type="stmt" count="0"/>
        <line num="148" type="stmt" count="0"/>
        <line num="149" type="stmt" count="0"/>
        <line num="150" type="stmt" count="0"/>
        <line num="152" type="stmt" count="0"/>
        <line num="153" type="stmt" count="0"/>
        <line num="156" type="stmt" count="0"/>
        <line num="157" type="stmt" count="0"/>
        <line num="158" type="stmt" count="0"/>
        <line num="159" type="stmt" count="0"/>
        <line num="160" type="stmt" count="0"/>
        <line num="161" type="stmt" count="0"/>
        <line num="162" type="stmt" count="0"/>
        <line num="164" type="stmt" count="0"/>
        <line num="165" type="stmt" count="0"/>
        <line num="166" type="stmt" count="0"/>
        <line num="167" type="stmt" count="0"/>
        <line num="168" type="stmt" count="0"/>
        <line num="169" type="stmt" count="0"/>
        <line num="171" type="stmt" count="0"/>
        <line num="174" type="method" name="findAvailablePort" visibility="private" complexity="3" crap="12" count="0"/>
        <line num="176" type="stmt" count="0"/>
        <line num="178" type="stmt" count="0"/>
        <line num="179" type="stmt" count="0"/>
        <line num="180" type="stmt" count="0"/>
        <line num="181" type="stmt" count="0"/>
        <line num="183" type="stmt" count="0"/>
        <line num="186" type="stmt" count="0"/>
        <line num="189" type="method" name="createCallbackServer" visibility="private" complexity="1" crap="2" count="0"/>
        <line num="191" type="stmt" count="0"/>
        <line num="192" type="stmt" count="0"/>
        <line num="194" type="stmt" count="0"/>
        <line num="197" type="stmt" count="0"/>
        <line num="237" type="stmt" count="0"/>
        <line num="239" type="stmt" count="0"/>
        <line num="242" type="method" name="waitForAuthCode" visibility="private" complexity="4" crap="20" count="0"/>
        <line num="244" type="stmt" count="0"/>
        <line num="245" type="stmt" count="0"/>
        <line num="246" type="stmt" count="0"/>
        <line num="249" type="stmt" count="0"/>
        <line num="250" type="stmt" count="0"/>
        <line num="253" type="stmt" count="0"/>
        <line num="254" type="stmt" count="0"/>
        <line num="255" type="stmt" count="0"/>
        <line num="256" type="stmt" count="0"/>
        <line num="258" type="stmt" count="0"/>
        <line num="260" type="stmt" count="0"/>
        <line num="263" type="stmt" count="0"/>
        <line num="266" type="method" name="exchangeCodeForToken" visibility="private" complexity="2" crap="6" count="0"/>
        <line num="268" type="stmt" count="0"/>
        <line num="269" type="stmt" count="0"/>
        <line num="270" type="stmt" count="0"/>
        <line num="271" type="stmt" count="0"/>
        <line num="272" type="stmt" count="0"/>
        <line num="273" type="stmt" count="0"/>
        <line num="274" type="stmt" count="0"/>
        <line num="276" type="stmt" count="0"/>
        <line num="277" type="stmt" count="0"/>
        <line num="279" type="stmt" count="0"/>
        <line num="280" type="stmt" count="0"/>
        <line num="281" type="stmt" count="0"/>
        <line num="282" type="stmt" count="0"/>
        <line num="283" type="stmt" count="0"/>
        <line num="284" type="stmt" count="0"/>
        <line num="287" type="stmt" count="0"/>
        <line num="290" type="method" name="openUrl" visibility="private" complexity="6" crap="42" count="0"/>
        <line num="292" type="stmt" count="0"/>
        <line num="294" type="stmt" count="0"/>
        <line num="295" type="stmt" count="0"/>
        <line num="296" type="stmt" count="0"/>
        <line num="297" type="stmt" count="0"/>
        <line num="298" type="stmt" count="0"/>
        <line num="299" type="stmt" count="0"/>
        <line num="301" type="stmt" count="0"/>
        <line num="302" type="stmt" count="0"/>
        <metrics loc="306" ncloc="288" classes="1" methods="6" coveredmethods="0" conditionals="0" coveredconditionals="0" statements="151" coveredstatements="7" elements="157" coveredelements="7"/>
      </file>
      <file name="/Users/jordanpartridge/packages/music/app/Commands/OptimizeAgent.php">
        <class name="App\Commands\OptimizeAgent" namespace="App\Commands">
          <metrics complexity="4" methods="1" coveredmethods="0" conditionals="0" coveredconditionals="0" statements="20" coveredstatements="0" elements="21" coveredelements="0"/>
        </class>
        <line num="13" type="method" name="handle" visibility="public" complexity="4" crap="20" count="0"/>
        <line num="15" type="stmt" count="0"/>
        <line num="17" type="stmt" count="0"/>
        <line num="18" type="stmt" count="0"/>
        <line num="21" type="stmt" count="0"/>
        <line num="23" type="stmt" count="0"/>
        <line num="24" type="stmt" count="0"/>
        <line num="26" type="stmt" count="0"/>
        <line num="29" type="stmt" count="0"/>
        <line num="30" type="stmt" count="0"/>
        <line num="32" type="stmt" count="0"/>
        <line num="34" type="stmt" count="0"/>
        <line num="35" type="stmt" count="0"/>
        <line num="36" type="stmt" count="0"/>
        <line num="39" type="stmt" count="0"/>
        <line num="41" type="stmt" count="0"/>
        <line num="42" type="stmt" count="0"/>
        <line num="44" type="stmt" count="0"/>
        <line num="45" type="stmt" count="0"/>
        <line num="46" type="stmt" count="0"/>
        <line num="48" type="stmt" count="0"/>
        <metrics loc="52" ncloc="52" classes="1" methods="1" coveredmethods="0" conditionals="0" coveredconditionals="0" statements="20" coveredstatements="0" elements="21" coveredelements="0"/>
      </file>
      <file name="/Users/jordanpartridge/packages/music/app/Commands/PauseCommand.php">
        <class name="App\Commands\PauseCommand" namespace="App\Commands">
          <metrics complexity="8" methods="1" coveredmethods="0" conditionals="0" coveredconditionals="0" statements="35" coveredstatements="23" elements="36" coveredelements="23"/>
        </class>
        <line num="17" type="method" name="handle" visibility="public" complexity="8" crap="10.58" count="3"/>
        <line num="19" type="stmt" count="3"/>
        <line num="20" type="stmt" count="1"/>
        <line num="23" type="stmt" count="2"/>
        <line num="25" type="stmt" count="2"/>
        <line num="26" type="stmt" count="2"/>
        <line num="31" type="stmt" count="2"/>
        <line num="33" type="stmt" count="2"/>
        <line num="35" type="stmt" count="1"/>
        <line num="36" type="stmt" count="0"/>
        <line num="37" type="stmt" count="0"/>
        <line num="38" type="stmt" count="0"/>
        <line num="39" type="stmt" count="0"/>
        <line num="40" type="stmt" count="0"/>
        <line num="41" type="stmt" count="0"/>
        <line num="42" type="stmt" count="0"/>
        <line num="44" type="stmt" count="0"/>
        <line num="46" type="stmt" count="1"/>
        <line num="49" type="stmt" count="1"/>
        <line num="50" type="stmt" count="1"/>
        <line num="51" type="stmt" count="1"/>
        <line num="52" type="stmt" count="1"/>
        <line num="53" type="stmt" count="1"/>
        <line num="54" type="stmt" count="1"/>
        <line num="55" type="stmt" count="1"/>
        <line num="56" type="stmt" count="1"/>
        <line num="57" type="stmt" count="1"/>
        <line num="60" type="stmt" count="1"/>
        <line num="61" type="stmt" count="1"/>
        <line num="62" type="stmt" count="0"/>
        <line num="63" type="stmt" count="0"/>
        <line num="64" type="stmt" count="0"/>
        <line num="65" type="stmt" count="0"/>
        <line num="67" type="stmt" count="1"/>
        <line num="70" type="stmt" count="1"/>
        <line num="73" type="stmt" count="1"/>
        <metrics loc="76" ncloc="74" classes="1" methods="1" coveredmethods="0" conditionals="0" coveredconditionals="0" statements="35" coveredstatements="23" elements="36" coveredelements="23"/>
      </file>
      <file name="/Users/jordanpartridge/packages/music/app/Commands/PlayCommand.php">
        <class name="App\Commands\PlayCommand" namespace="App\Commands">
          <metrics complexity="17" methods="1" coveredmethods="0" conditionals="0" coveredconditionals="0" statements="116" coveredstatements="43" elements="117" coveredelements="43"/>
        </class>
        <line num="21" type="method" name="handle" visibility="public" complexity="17" crap="89.03" count="4"/>
        <line num="23" type="stmt" count="4"/>
        <line num="24" type="stmt" count="1"/>
        <line num="27" type="stmt" count="3"/>
        <line num="29" type="stmt" count="3"/>
        <line num="30" type="stmt" count="3"/>
        <line num="32" type="stmt" count="3"/>
        <line num="33" type="stmt" count="0"/>
        <line num="34" type="stmt" count="0"/>
        <line num="35" type="stmt" count="0"/>
        <line num="37" type="stmt" count="0"/>
        <line num="41" type="stmt" count="3"/>
        <line num="42" type="stmt" count="3"/>
        <line num="43" type="stmt" count="0"/>
        <line num="44" type="stmt" count="0"/>
        <line num="45" type="stmt" count="0"/>
        <line num="46" type="stmt" count="0"/>
        <line num="47" type="stmt" count="0"/>
        <line num="48" type="stmt" count="0"/>
        <line num="52" type="stmt" count="0"/>
        <line num="53" type="stmt" count="0"/>
        <line num="55" type="stmt" count="0"/>
        <line num="59" type="stmt" count="3"/>
        <line num="60" type="stmt" count="3"/>
        <line num="64" type="stmt" count="3"/>
        <line num="66" type="stmt" count="3"/>
        <line num="67" type="stmt" count="2"/>
        <line num="69" type="stmt" count="0"/>
        <line num="71" type="stmt" count="0"/>
        <line num="72" type="stmt" count="0"/>
        <line num="73" type="stmt" count="0"/>
        <line num="74" type="stmt" count="0"/>
        <line num="75" type="stmt" count="0"/>
        <line num="76" type="stmt" count="0"/>
        <line num="77" type="stmt" count="0"/>
        <line num="78" type="stmt" count="0"/>
        <line num="79" type="stmt" count="0"/>
        <line num="80" type="stmt" count="0"/>
        <line num="81" type="stmt" count="0"/>
        <line num="83" type="stmt" count="0"/>
        <line num="84" type="stmt" count="0"/>
        <line num="85" type="stmt" count="0"/>
        <line num="86" type="stmt" count="0"/>
        <line num="87" type="stmt" count="0"/>
        <line num="88" type="stmt" count="0"/>
        <line num="89" type="stmt" count="0"/>
        <line num="90" type="stmt" count="0"/>
        <line num="91" type="stmt" count="0"/>
        <line num="93" type="stmt" count="0"/>
        <line num="94" type="stmt" count="0"/>
        <line num="97" type="stmt" count="0"/>
        <line num="98" type="stmt" count="0"/>
        <line num="99" type="stmt" count="0"/>
        <line num="100" type="stmt" count="0"/>
        <line num="101" type="stmt" count="0"/>
        <line num="102" type="stmt" count="0"/>
        <line num="103" type="stmt" count="0"/>
        <line num="104" type="stmt" count="0"/>
        <line num="105" type="stmt" count="0"/>
        <line num="109" type="stmt" count="2"/>
        <line num="111" type="stmt" count="1"/>
        <line num="112" type="stmt" count="0"/>
        <line num="113" type="stmt" count="0"/>
        <line num="114" type="stmt" count="0"/>
        <line num="115" type="stmt" count="0"/>
        <line num="116" type="stmt" count="0"/>
        <line num="117" type="stmt" count="0"/>
        <line num="118" type="stmt" count="0"/>
        <line num="119" type="stmt" count="0"/>
        <line num="120" type="stmt" count="0"/>
        <line num="121" type="stmt" count="0"/>
        <line num="122" type="stmt" count="0"/>
        <line num="124" type="stmt" count="0"/>
        <line num="125" type="stmt" count="0"/>
        <line num="126" type="stmt" count="0"/>
        <line num="127" type="stmt" count="0"/>
        <line num="128" type="stmt" count="0"/>
        <line num="129" type="stmt" count="0"/>
        <line num="130" type="stmt" count="0"/>
        <line num="131" type="stmt" count="0"/>
        <line num="132" type="stmt" count="0"/>
        <line num="134" type="stmt" count="1"/>
        <line num="137" type="stmt" count="1"/>
        <line num="138" type="stmt" count="1"/>
        <line num="139" type="stmt" count="1"/>
        <line num="140" type="stmt" count="1"/>
        <line num="141" type="stmt" count="1"/>
        <line num="142" type="stmt" count="1"/>
        <line num="143" type="stmt" count="1"/>
        <line num="144" type="stmt" count="1"/>
        <line num="145" type="stmt" count="1"/>
        <line num="149" type="stmt" count="1"/>
        <line num="150" type="stmt" count="0"/>
        <line num="151" type="stmt" count="0"/>
        <line num="152" type="stmt" count="0"/>
        <line num="153" type="stmt" count="0"/>
        <line num="155" type="stmt" count="1"/>
        <line num="158" type="stmt" count="2"/>
        <line num="160" type="stmt" count="1"/>
        <line num="161" type="stmt" count="1"/>
        <line num="162" type="stmt" count="0"/>
        <line num="163" type="stmt" count="0"/>
        <line num="164" type="stmt" count="0"/>
        <line num="165" type="stmt" count="0"/>
        <line num="167" type="stmt" count="1"/>
        <line num="170" type="stmt" count="1"/>
        <line num="171" type="stmt" count="1"/>
        <line num="172" type="stmt" count="1"/>
        <line num="173" type="stmt" count="1"/>
        <line num="174" type="stmt" count="1"/>
        <line num="175" type="stmt" count="1"/>
        <line num="176" type="stmt" count="1"/>
        <line num="177" type="stmt" count="1"/>
        <line num="180" type="stmt" count="1"/>
        <line num="183" type="stmt" count="1"/>
        <line num="184" type="stmt" count="1"/>
        <line num="187" type="stmt" count="1"/>
        <metrics loc="190" ncloc="182" classes="1" methods="1" coveredmethods="0" conditionals="0" coveredconditionals="0" statements="116" coveredstatements="43" elements="117" coveredelements="43"/>
      </file>
      <file name="/Users/jordanpartridge/packages/music/app/Commands/PlayerCommand.php">
        <class name="App\Commands\PlayerCommand" namespace="App\Commands">
          <metrics complexity="70" methods="16" coveredmethods="3" conditionals="0" coveredconditionals="0" statements="291" coveredstatements="109" elements="307" coveredelements="112"/>
        </class>
        <line num="25" type="method" name="handle" visibility="public" complexity="5" crap="5" count="4"/>
        <line num="27" type="stmt" count="4"/>
        <line num="28" type="stmt" count="1"/>
        <line num="31" type="stmt" count="3"/>
        <line num="34" type="stmt" count="3"/>
        <line num="35" type="stmt" count="1"/>
        <line num="36" type="stmt" count="1"/>
        <line num="38" type="stmt" count="1"/>
        <line num="41" type="stmt" count="2"/>
        <line num="42" type="stmt" count="2"/>
        <line num="44" type="stmt" count="2"/>
        <line num="46" type="stmt" count="2"/>
        <line num="47" type="stmt" count="2"/>
        <line num="48" type="stmt" count="2"/>
        <line num="49" type="stmt" count="2"/>
        <line num="53" type="stmt" count="2"/>
        <line num="56" type="method" name="showPlayer" visibility="private" complexity="2" crap="2.01" count="2"/>
        <line num="59" type="stmt" count="2"/>
        <line num="60" type="stmt" count="2"/>
        <line num="61" type="stmt" count="2"/>
        <line num="62" type="stmt" count="2"/>
        <line num="64" type="stmt" count="2"/>
        <line num="65" type="stmt" count="1"/>
        <line num="66" type="stmt" count="1"/>
        <line num="67" type="stmt" count="1"/>
        <line num="68" type="stmt" count="1"/>
        <line num="69" type="stmt" count="1"/>
        <line num="70" type="stmt" count="1"/>
        <line num="71" type="stmt" count="1"/>
        <line num="72" type="stmt" count="1"/>
        <line num="73" type="stmt" count="1"/>
        <line num="74" type="stmt" count="1"/>
        <line num="75" type="stmt" count="1"/>
        <line num="77" type="stmt" count="0"/>
        <line num="79" type="stmt" count="0"/>
        <line num="83" type="stmt" count="1"/>
        <line num="86" type="stmt" count="1"/>
        <line num="89" type="stmt" count="1"/>
        <line num="90" type="stmt" count="1"/>
        <line num="91" type="stmt" count="1"/>
        <line num="92" type="stmt" count="1"/>
        <line num="93" type="stmt" count="1"/>
        <line num="95" type="stmt" count="0"/>
        <line num="98" type="method" name="displayNowPlaying" visibility="private" complexity="3" crap="3" count="1"/>
        <line num="100" type="stmt" count="1"/>
        <line num="101" type="stmt" count="1"/>
[...]
        <line num="71" type="stmt" count="0"/>
        <line num="72" type="stmt" count="0"/>
        <line num="75" type="stmt" count="0"/>
        <line num="76" type="stmt" count="0"/>
        <line num="77" type="stmt" count="0"/>
        <line num="78" type="stmt" count="0"/>
        <line num="82" type="stmt" count="0"/>
        <line num="85" type="stmt" count="0"/>
        <line num="87" type="stmt" count="0"/>
        <line num="95" type="method" name="ensureValidToken" visibility="private" complexity="4" crap="4" count="20"/>
        <line num="98" type="stmt" count="20"/>
        <line num="99" type="stmt" count="1"/>
        <line num="106" type="method" name="refreshAccessToken" visibility="private" complexity="2" crap="2" count="1"/>
        <line num="108" type="stmt" count="1"/>
        <line num="109" type="stmt" count="1"/>
        <line num="110" type="stmt" count="1"/>
        <line num="111" type="stmt" count="1"/>
        <line num="112" type="stmt" count="1"/>
        <line num="113" type="stmt" count="1"/>
        <line num="115" type="stmt" count="1"/>
        <line num="116" type="stmt" count="1"/>
        <line num="117" type="stmt" count="1"/>
        <line num="118" type="stmt" count="1"/>
        <line num="121" type="stmt" count="1"/>
        <line num="128" type="method" name="saveTokenData" visibility="private" complexity="2" crap="2.00" count="1"/>
        <line num="130" type="stmt" count="1"/>
        <line num="131" type="stmt" count="1"/>
        <line num="132" type="stmt" count="1"/>
        <line num="133" type="stmt" count="1"/>
        <line num="134" type="stmt" count="1"/>
        <line num="137" type="stmt" count="1"/>
        <line num="138" type="stmt" count="1"/>
        <line num="139" type="stmt" count="0"/>
        <line num="143" type="stmt" count="1"/>
        <line num="144" type="stmt" count="1"/>
        <line num="150" type="method" name="saveAccessToken" visibility="private" complexity="1" crap="2" count="0"/>
        <line num="152" type="stmt" count="0"/>
        <line num="153" type="stmt" count="0"/>
        <line num="159" type="method" name="search" visibility="public" complexity="4" crap="4.02" count="1"/>
        <line num="161" type="stmt" count="1"/>
        <line num="162" type="stmt" count="0"/>
        <line num="165" type="stmt" count="1"/>
        <line num="167" type="stmt" count="1"/>
        <line num="168" type="stmt" count="1"/>
        <line num="169" type="stmt" count="1"/>
        <line num="170" type="stmt" count="1"/>
        <line num="171" type="stmt" count="1"/>
        <line num="172" type="stmt" count="1"/>
        <line num="174" type="stmt" count="1"/>
        <line num="175" type="stmt" count="1"/>
        <line num="176" type="stmt" count="1"/>
        <line num="177" type="stmt" count="1"/>
        <line num="179" type="stmt" count="1"/>
        <line num="180" type="stmt" count="1"/>
        <line num="181" type="stmt" count="1"/>
        <line num="182" type="stmt" count="1"/>
        <line num="183" type="stmt" count="1"/>
        <line num="187" type="stmt" count="0"/>
        <line num="193" type="method" name="play" visibility="public" complexity="10" crap="110" count="0"/>
        <line num="195" type="stmt" count="0"/>
        <line num="196" type="stmt" count="0"/>
        <line num="199" type="stmt" count="0"/>
        <line num="202" type="stmt" count="0"/>
        <line num="203" type="stmt" count="0"/>
        <line num="204" type="stmt" count="0"/>
        <line num="205" type="stmt" count="0"/>
        <line num="209" type="stmt" count="0"/>
        <line num="210" type="stmt" count="0"/>
        <line num="211" type="stmt" count="0"/>
        <line num="214" type="stmt" count="0"/>
        <line num="217" type="stmt" count="0"/>
        <line num="218" type="stmt" count="0"/>
        <line num="219" type="stmt" count="0"/>
        <line num="220" type="stmt" count="0"/>
        <line num="221" type="stmt" count="0"/>
        <line num="222" type="stmt" count="0"/>
        <line num="227" type="stmt" count="0"/>
        <line num="228" type="stmt" count="0"/>
        <line num="229" type="stmt" count="0"/>
        <line num="233" type="stmt" count="0"/>
        <line num="234" type="stmt" count="0"/>
        <line num="235" type="stmt" count="0"/>
        <line num="236" type="stmt" count="0"/>
        <line num="237" type="stmt" count="0"/>
        <line num="239" type="stmt" count="0"/>
        <line num="240" type="stmt" count="0"/>
        <line num="241" type="stmt" count="0"/>
        <line num="248" type="method" name="resume" visibility="public" complexity="7" crap="56" count="0"/>
        <line num="250" type="stmt" count="0"/>
        <line num="251" type="stmt" count="0"/>
        <line num="254" type="stmt" count="0"/>
        <line num="257" type="stmt" count="0"/>
        <line num="258" type="stmt" count="0"/>
        <line num="259" type="stmt" count="0"/>
        <line num="260" type="stmt" count="0"/>
        <line num="264" type="stmt" count="0"/>
        <line num="265" type="stmt" count="0"/>
        <line num="267" type="stmt" count="0"/>
        <line num="270" type="stmt" count="0"/>
        <line num="273" type="stmt" count="0"/>
        <line num="275" type="stmt" count="0"/>
        <line num="276" type="stmt" count="0"/>
        <line num="278" type="stmt" count="0"/>
        <line num="279" type="stmt" count="0"/>
        <line num="280" type="stmt" count="0"/>
        <line num="287" type="method" name="pause" visibility="public" complexity="3" crap="12" count="0"/>
        <line num="289" type="stmt" count="0"/>
        <line num="290" type="stmt" count="0"/>
        <line num="293" type="stmt" count="0"/>
        <line num="295" type="stmt" count="0"/>
        <line num="296" type="stmt" count="0"/>
        <line num="298" type="stmt" count="0"/>
        <line num="299" type="stmt" count="0"/>
        <line num="300" type="stmt" count="0"/>
        <line num="307" type="method" name="setVolume" visibility="public" complexity="2" crap="2.01" count="2"/>
        <line num="309" type="stmt" count="2"/>
        <line num="310" type="stmt" count="0"/>
        <line num="313" type="stmt" count="2"/>
        <line num="316" type="stmt" count="2"/>
        <line num="318" type="stmt" count="2"/>
        <line num="319" type="stmt" count="2"/>
        <line num="321" type="stmt" count="2"/>
        <line num="327" type="method" name="next" visibility="public" complexity="3" crap="12" count="0"/>
        <line num="329" type="stmt" count="0"/>
        <line num="330" type="stmt" count="0"/>
        <line num="333" type="stmt" count="0"/>
        <line num="335" type="stmt" count="0"/>
        <line num="336" type="stmt" count="0"/>
        <line num="338" type="stmt" count="0"/>
        <line num="339" type="stmt" count="0"/>
        <line num="340" type="stmt" count="0"/>
        <line num="347" type="method" name="previous" visibility="public" complexity="3" crap="12" count="0"/>
        <line num="349" type="stmt" count="0"/>
        <line num="350" type="stmt" count="0"/>
        <line num="353" type="stmt" count="0"/>
        <line num="355" type="stmt" count="0"/>
        <line num="356" type="stmt" count="0"/>
        <line num="358" type="stmt" count="0"/>
        <line num="359" type="stmt" count="0"/>
        <line num="360" type="stmt" count="0"/>
        <line num="367" type="method" name="getDevices" visibility="public" complexity="3" crap="3.10" count="4"/>
        <line num="369" type="stmt" count="4"/>
        <line num="370" type="stmt" count="0"/>
        <line num="373" type="stmt" count="4"/>
        <line num="375" type="stmt" count="4"/>
        <line num="376" type="stmt" count="4"/>
        <line num="378" type="stmt" count="4"/>
        <line num="379" type="stmt" count="4"/>
        <line num="381" type="stmt" count="4"/>
        <line num="384" type="stmt" count="0"/>
        <line num="390" type="method" name="transferPlayback" visibility="public" complexity="3" crap="12" count="0"/>
        <line num="392" type="stmt" count="0"/>
        <line num="393" type="stmt" count="0"/>
        <line num="396" type="stmt" count="0"/>
        <line num="398" type="stmt" count="0"/>
        <line num="399" type="stmt" count="0"/>
        <line num="400" type="stmt" count="0"/>
        <line num="401" type="stmt" count="0"/>
        <line num="402" type="stmt" count="0"/>
        <line num="404" type="stmt" count="0"/>
        <line num="405" type="stmt" count="0"/>
        <line num="406" type="stmt" count="0"/>
        <line num="413" type="method" name="getActiveDevice" visibility="public" complexity="3" crap="3.07" count="3"/>
        <line num="415" type="stmt" count="3"/>
        <line num="418" type="stmt" count="3"/>
        <line num="419" type="stmt" count="3"/>
        <line num="420" type="stmt" count="3"/>
        <line num="425" type="stmt" count="0"/>
        <line num="431" type="method" name="addToQueue" visibility="public" complexity="4" crap="4.37" count="1"/>
        <line num="433" type="stmt" count="1"/>
        <line num="434" type="stmt" count="0"/>
        <line num="437" type="stmt" count="1"/>
        <line num="440" type="stmt" count="1"/>
        <line num="441" type="stmt" count="1"/>
        <line num="442" type="stmt" count="0"/>
        <line num="446" type="stmt" count="1"/>
        <line num="447" type="stmt" count="1"/>
        <line num="448" type="stmt" count="1"/>
        <line num="449" type="stmt" count="1"/>
        <line num="450" type="stmt" count="1"/>
        <line num="452" type="stmt" count="1"/>
        <line num="453" type="stmt" count="0"/>
        <line num="454" type="stmt" count="0"/>
        <line num="461" type="method" name="getPlaylists" visibility="public" complexity="3" crap="3.05" count="1"/>
        <line num="463" type="stmt" count="1"/>
        <line num="464" type="stmt" count="0"/>
        <line num="467" type="stmt" count="1"/>
        <line num="469" type="stmt" count="1"/>
        <line num="470" type="stmt" count="1"/>
        <line num="471" type="stmt" count="1"/>
        <line num="472" type="stmt" count="1"/>
        <line num="474" type="stmt" count="1"/>
        <line num="475" type="stmt" count="1"/>
        <line num="477" type="stmt" count="1"/>
        <line num="480" type="stmt" count="0"/>
        <line num="486" type="method" name="getPlaylistTracks" visibility="public" complexity="3" crap="12" count="0"/>
        <line num="488" type="stmt" count="0"/>
        <line num="489" type="stmt" count="0"/>
        <line num="492" type="stmt" count="0"/>
        <line num="494" type="stmt" count="0"/>
        <line num="495" type="stmt" count="0"/>
        <line num="497" type="stmt" count="0"/>
        <line num="498" type="stmt" count="0"/>
        <line num="500" type="stmt" count="0"/>
        <line num="503" type="stmt" count="0"/>
        <line num="509" type="method" name="playPlaylist" visibility="public" complexity="3" crap="3.01" count="1"/>
        <line num="511" type="stmt" count="1"/>
        <line num="512" type="stmt" count="0"/>
        <line num="515" type="stmt" count="1"/>
        <line num="517" type="stmt" count="1"/>
        <line num="519" type="stmt" count="1"/>
        <line num="520" type="stmt" count="1"/>
        <line num="521" type="stmt" count="1"/>
        <line num="522" type="stmt" count="1"/>
        <line num="523" type="stmt" count="1"/>
        <line num="525" type="stmt" count="1"/>
        <line num="531" type="method" name="getQueue" visibility="public" complexity="3" crap="3.04" count="1"/>
        <line num="533" type="stmt" count="1"/>
        <line num="534" type="stmt" count="0"/>
        <line num="537" type="stmt" count="1"/>
        <line num="539" type="stmt" count="1"/>
        <line num="540" type="stmt" count="1"/>
        <line num="542" type="stmt" count="1"/>
        <line num="543" type="stmt" count="1"/>
        <line num="545" type="stmt" count="1"/>
        <line num="546" type="stmt" count="1"/>
        <line num="547" type="stmt" count="1"/>
        <line num="548" type="stmt" count="1"/>
        <line num="551" type="stmt" count="0"/>
        <line num="557" type="method" name="searchMultiple" visibility="public" complexity="5" crap="5.02" count="3"/>
        <line num="559" type="stmt" count="3"/>
        <line num="560" type="stmt" count="0"/>
        <line num="563" type="stmt" count="3"/>
        <line num="565" type="stmt" count="3"/>
        <line num="566" type="stmt" count="3"/>
        <line num="567" type="stmt" count="3"/>
        <line num="568" type="stmt" count="3"/>
        <line num="569" type="stmt" count="3"/>
        <line num="570" type="stmt" count="3"/>
        <line num="572" type="stmt" count="3"/>
        <line num="573" type="stmt" count="3"/>
        <line num="574" type="stmt" count="3"/>
        <line num="576" type="stmt" count="3"/>
        <line num="577" type="stmt" count="3"/>
        <line num="578" type="stmt" count="2"/>
        <line num="579" type="stmt" count="2"/>
        <line num="580" type="stmt" count="2"/>
        <line num="581" type="stmt" count="2"/>
        <line num="582" type="stmt" count="2"/>
        <line num="583" type="stmt" count="2"/>
        <line num="587" type="stmt" count="3"/>
        <line num="590" type="stmt" count="0"/>
        <line num="596" type="method" name="getTopTracks" visibility="public" complexity="4" crap="4" count="3"/>
        <line num="598" type="stmt" count="3"/>
        <line num="599" type="stmt" count="0"/>
        <line num="602" type="stmt" count="3"/>
        <line num="604" type="stmt" count="3"/>
        <line num="605" type="stmt" count="3"/>
        <line num="606" type="stmt" count="3"/>
        <line num="607" type="stmt" count="3"/>
        <line num="608" type="stmt" count="3"/>
        <line num="610" type="stmt" count="3"/>
        <line num="611" type="stmt" count="2"/>
        <line num="612" type="stmt" count="2"/>
        <line num="614" type="stmt" count="2"/>
        <line num="615" type="stmt" count="1"/>
        <line num="616" type="stmt" count="1"/>
        <line num="617" type="stmt" count="1"/>
        <line num="618" type="stmt" count="1"/>
        <line num="619" type="stmt" count="1"/>
        <line num="620" type="stmt" count="1"/>
        <line num="623" type="stmt" count="2"/>
        <line num="626" type="stmt" count="1"/>
        <line num="632" type="method" name="getTopArtists" visibility="public" complexity="4" crap="4.02" count="1"/>
        <line num="634" type="stmt" count="1"/>
        <line num="635" type="stmt" count="0"/>
        <line num="638" type="stmt" count="1"/>
        <line num="640" type="stmt" count="1"/>
        <line num="641" type="stmt" count="1"/>
        <line num="642" type="stmt" count="1"/>
        <line num="643" type="stmt" count="1"/>
        <line num="644" type="stmt" count="1"/>
        <line num="646" type="stmt" count="1"/>
        <line num="647" type="stmt" count="1"/>
        <line num="648" type="stmt" count="1"/>
        <line num="650" type="stmt" count="1"/>
        <line num="651" type="stmt" count="1"/>
        <line num="652" type="stmt" count="1"/>
        <line num="653" type="stmt" count="1"/>
        <line num="654" type="stmt" count="1"/>
        <line num="655" type="stmt" count="1"/>
        <line num="658" type="stmt" count="1"/>
        <line num="661" type="stmt" count="0"/>
        <line num="667" type="method" name="getRecentlyPlayed" visibility="public" complexity="4" crap="4" count="2"/>
        <line num="669" type="stmt" count="2"/>
        <line num="670" type="stmt" count="0"/>
        <line num="673" type="stmt" count="2"/>
        <line num="675" type="stmt" count="2"/>
        <line num="676" type="stmt" count="2"/>
        <line num="677" type="stmt" count="2"/>
        <line num="678" type="stmt" count="2"/>
        <line num="680" type="stmt" count="2"/>
        <line num="681" type="stmt" count="1"/>
        <line num="682" type="stmt" count="1"/>
        <line num="684" type="stmt" count="1"/>
        <line num="685" type="stmt" count="1"/>
        <line num="686" type="stmt" count="1"/>
        <line num="687" type="stmt" count="1"/>
        <line num="688" type="stmt" count="1"/>
        <line num="689" type="stmt" count="1"/>
        <line num="690" type="stmt" count="1"/>
        <line num="691" type="stmt" count="1"/>
        <line num="692" type="stmt" count="1"/>
        <line num="695" type="stmt" count="1"/>
        <line num="698" type="stmt" count="1"/>
        <line num="704" type="method" name="searchByGenre" visibility="public" complexity="2" crap="2" count="2"/>
        <line num="706" type="stmt" count="2"/>
        <line num="707" type="stmt" count="2"/>
        <line num="708" type="stmt" count="1"/>
        <line num="711" type="stmt" count="2"/>
        <line num="717" type="method" name="setShuffle" visibility="public" complexity="3" crap="12" count="0"/>
        <line num="719" type="stmt" count="0"/>
        <line num="720" type="stmt" count="0"/>
        <line num="723" type="stmt" count="0"/>
        <line num="725" type="stmt" count="0"/>
        <line num="726" type="stmt" count="0"/>
        <line num="728" type="stmt" count="0"/>
        <line num="734" type="method" name="setRepeat" visibility="public" complexity="3" crap="12" count="0"/>
        <line num="736" type="stmt" count="0"/>
        <line num="737" type="stmt" count="0"/>
        <line num="740" type="stmt" count="0"/>
        <line num="743" type="stmt" count="0"/>
        <line num="744" type="stmt" count="0"/>
        <line num="747" type="stmt" count="0"/>
        <line num="748" type="stmt" count="0"/>
        <line num="750" type="stmt" count="0"/>
        <line num="756" type="method" name="getCurrentPlayback" visibility="public" complexity="4" crap="4.01" count="1"/>
        <line num="758" type="stmt" count="1"/>
        <line num="759" type="stmt" count="0"/>
        <line num="762" type="stmt" count="1"/>
        <line num="765" type="stmt" count="1"/>
        <line num="766" type="stmt" count="1"/>
        <line num="768" type="stmt" count="1"/>
        <line num="769" type="stmt" count="1"/>
        <line num="770" type="stmt" count="1"/>
        <line num="771" type="stmt" count="1"/>
        <line num="772" type="stmt" count="1"/>
        <line num="773" type="stmt" count="1"/>
        <line num="774" type="stmt" count="1"/>
        <line num="775" type="stmt" count="1"/>
        <line num="776" type="stmt" count="1"/>
        <line num="777" type="stmt" count="1"/>
        <line num="778" type="stmt" count="1"/>
        <line num="779" type="stmt" count="1"/>
        <line num="780" type="stmt" count="1"/>
        <line num="781" type="stmt" count="1"/>
        <line num="782" type="stmt" count="1"/>
        <line num="786" type="stmt" count="0"/>
        <line num="792" type="method" name="getUserProfile" visibility="public" complexity="3" crap="12" count="0"/>
        <line num="794" type="stmt" count="0"/>
        <line num="795" type="stmt" count="0"/>
        <line num="798" type="stmt" count="0"/>
        <line num="800" type="stmt" count="0"/>
        <line num="801" type="stmt" count="0"/>
        <line num="803" type="stmt" count="0"/>
        <line num="804" type="stmt" count="0"/>
        <line num="807" type="stmt" count="0"/>
        <metrics loc="810" ncloc="692" classes="1" methods="31" coveredmethods="5" conditionals="0" coveredconditionals="0" statements="359" coveredstatements="212" elements="390" coveredelements="217"/>
      </file>
    </package>
    <metrics files="43" loc="6246" ncloc="5909" classes="43" methods="175" coveredmethods="35" conditionals="0" coveredconditionals="0" statements="2815" coveredstatements="1108" elements="2990" coveredelements="1143"/>
  </project>
</coverage>
